<?xml version="1.0" encoding="UTF-8"?>
<!-- Generated by org.testng.reporters.JUnitReportReporter -->
<testsuite skipped="0" hostname="NURU-PC" name="Test" tests="1" failures="0" timestamp="25 Nov 2017 14:33:46 GMT" time="27.201" errors="0">
  <testcase name="register" time="27.201" classname="Test"/>
</testsuite> <!-- Test -->
